app/build/outputs/logs/manifest-merger-debug-report.txt
-- Merging decision tree log ---
manifest
ADDED from src\main\AndroidManifest.xml:2:1-57:12
	package
		ADDED from src\main\AndroidManifest.xml:3:5-32
		INJECTED from src\main\AndroidManifest.xml
		INJECTED from src\main\AndroidManifest.xml
	android:versionName
		ADDED from src\main\AndroidManifest.xml:5:5-30
		INJECTED from src\main\AndroidManifest.xml
		INJECTED from src\main\AndroidManifest.xml
	android:versionCode
		ADDED from src\main\AndroidManifest.xml:4:5-28
		INJECTED from src\main\AndroidManifest.xml
		INJECTED from src\main\AndroidManifest.xml
	xmlns:android
		ADDED from src\main\AndroidManifest.xml:2:11-69
uses-sdk
ADDED from src\main\AndroidManifest.xml:7:5-9:41
	android:targetSdkVersion
		ADDED from src\main\AndroidManifest.xml:9:9-38
		INJECTED from src\main\AndroidManifest.xml
		INJECTED from src\main\AndroidManifest.xml
	android:minSdkVersion
		ADDED from src\main\AndroidManifest.xml:8:9-34
		INJECTED from src\main\AndroidManifest.xml
		INJECTED from src\main\AndroidManifest.xml
application
ADDED from src\main\AndroidManifest.xml:11:5-55:19
	android:label
		ADDED from src\main\AndroidManifest.xml:14:9-41
	android:allowBackup
		ADDED from src\main\AndroidManifest.xml:12:9-35
	android:icon
		ADDED from src\main\AndroidManifest.xml:13:9-45
	android:theme
		ADDED from src\main\AndroidManifest.xml:15:9-40
activity#com.ryg.chapter_5.TestActivity
ADDED from src\main\AndroidManifest.xml:16:9-20:45
	android:label
		ADDED from src\main\AndroidManifest.xml:19:13-45
	android:launchMode
		ADDED from src\main\AndroidManifest.xml:20:13-42
	android:configChanges
		ADDED from src\main\AndroidManifest.xml:18:13-59
	android:name
		ADDED from src\main\AndroidManifest.xml:17:13-41
activity#com.ryg.chapter_5.DemoActivity_1
ADDED from src\main\AndroidManifest.xml:21:9-26:45
	android:label
		ADDED from src\main\AndroidManifest.xml:25:13-50
	android:launchMode
		ADDED from src\main\AndroidManifest.xml:26:13-42
	android:exported
		ADDED from src\main\AndroidManifest.xml:24:13-36
	android:configChanges
		ADDED from src\main\AndroidManifest.xml:23:13-49
	android:name
		ADDED from src\main\AndroidManifest.xml:22:13-43
activity#com.ryg.chapter_5.DemoActivity_2
ADDED from src\main\AndroidManifest.xml:27:9-32:45
	android:label
		ADDED from src\main\AndroidManifest.xml:31:13-50
	android:launchMode
		ADDED from src\main\AndroidManifest.xml:32:13-42
	android:exported
		ADDED from src\main\AndroidManifest.xml:30:13-36
	android:configChanges
		ADDED from src\main\AndroidManifest.xml:29:13-49
	android:name
		ADDED from src\main\AndroidManifest.xml:28:13-43
activity#com.ryg.chapter_5.MainActivity
ADDED from src\main\AndroidManifest.xml:33:9-42:20
	android:process
		ADDED from src\main\AndroidManifest.xml:36:13-38
	android:label
		ADDED from src\main\AndroidManifest.xml:35:13-45
	android:name
		ADDED from src\main\AndroidManifest.xml:34:13-41
intent-filter#android.intent.action.MAIN+android.intent.category.LAUNCHER
ADDED from src\main\AndroidManifest.xml:37:13-41:29
action#android.intent.action.MAIN
ADDED from src\main\AndroidManifest.xml:38:17-69
	android:name
		ADDED from src\main\AndroidManifest.xml:38:25-66
category#android.intent.category.LAUNCHER
ADDED from src\main\AndroidManifest.xml:40:17-77
	android:name
		ADDED from src\main\AndroidManifest.xml:40:27-74
receiver#com.ryg.chapter_5.MyAppWidgetProvider
ADDED from src\main\AndroidManifest.xml:44:9-54:20
	android:name
		ADDED from src\main\AndroidManifest.xml:44:19-54
meta-data#android.appwidget.provider
ADDED from src\main\AndroidManifest.xml:45:13-48:25
	android:resource
		ADDED from src\main\AndroidManifest.xml:47:17-64
	android:name
		ADDED from src\main\AndroidManifest.xml:46:17-58
intent-filter#android.appwidget.action.APPWIDGET_UPDATE+com.ryg.chapter_5.action.CLICK
ADDED from src\main\AndroidManifest.xml:50:13-53:29
action#com.ryg.chapter_5.action.CLICK
ADDED from src\main\AndroidManifest.xml:51:17-73
	android:name
		ADDED from src\main\AndroidManifest.xml:51:25-70
action#android.appwidget.action.APPWIDGET_UPDATE
ADDED from src\main\AndroidManifest.xml:52:17-84
	android:name
		ADDED from src\main\AndroidManifest.xml:52:25-81